[1125/190726.493:ERROR:process_memory_win.cc(73)] ReadMemory at 0x7ff7e5390000 of 64 bytes failed: Only part of a ReadProcessMemory or WriteProcessMemory request was completed. (0x12B)
[1125/190726.494:WARNING:pe_image_reader.cc(340)] could not read dos header from C:\Program Files (x86)\Google\Chrome\Application\chrome.exe
[1125/190726.494:ERROR:process_memory_win.cc(73)] ReadMemory at 0x7ffa13450000 of 64 bytes failed: Only part of a ReadProcessMemory or WriteProcessMemory request was completed. (0x12B)
[1125/190726.494:WARNING:pe_image_reader.cc(340)] could not read dos header from C:\WINDOWS\SYSTEM32\ntdll.dll
[1125/190726.494:ERROR:process_memory_win.cc(73)] ReadMemory at 0x7ffa11ef0000 of 64 bytes failed: Only part of a ReadProcessMemory or WriteProcessMemory request was completed. (0x12B)
[1125/190726.494:WARNING:pe_image_reader.cc(340)] could not read dos header from C:\WINDOWS\System32\KERNEL32.dll
[1125/190726.495:ERROR:process_memory_win.cc(73)] ReadMemory at 0x7ffa10d10000 of 64 bytes failed: Only part of a ReadProcessMemory or WriteProcessMemory request was completed. (0x12B)
[1125/190726.495:WARNING:pe_image_reader.cc(340)] could not read dos header from C:\WINDOWS\System32\KERNELBASE.dll
[1125/190726.495:ERROR:process_memory_win.cc(73)] ReadMemory at 0x7ff9d5bb0000 of 64 bytes failed: Only part of a ReadProcessMemory or WriteProcessMemory request was completed. (0x12B)
[1125/190726.495:WARNING:pe_image_reader.cc(340)] could not read dos header from C:\Program Files (x86)\Google\Chrome\Application\87.0.4280.66\chrome_elf.dll
[1125/190726.495:ERROR:process_memory_win.cc(73)] ReadMemory at 0x7ffa09e50000 of 64 bytes failed: Only part of a ReadProcessMemory or WriteProcessMemory request was completed. (0x12B)
[1125/190726.495:WARNING:pe_image_reader.cc(340)] could not read dos header from C:\WINDOWS\SYSTEM32\VERSION.dll
[1125/190726.495:ERROR:process_memory_win.cc(73)] ReadMemory at 0x7ffa132a0000 of 64 bytes failed: Only part of a ReadProcessMemory or WriteProcessMemory request was completed. (0x12B)
[1125/190726.495:WARNING:pe_image_reader.cc(340)] could not read dos header from C:\WINDOWS\System32\msvcrt.dll
[1125/190726.495:ERROR:process_memory_win.cc(73)] ReadMemory at 0x7ffa12340000 of 64 bytes failed: Only part of a ReadProcessMemory or WriteProcessMemory request was completed. (0x12B)
[1125/190726.495:WARNING:pe_image_reader.cc(340)] could not read dos header from C:\WINDOWS\System32\ADVAPI32.dll
[1125/190726.495:ERROR:process_memory_win.cc(73)] ReadMemory at 0x7ffa115f0000 of 64 bytes failed: Only part of a ReadProcessMemory or WriteProcessMemory request was completed. (0x12B)
[1125/190726.495:WARNING:pe_image_reader.cc(340)] could not read dos header from C:\WINDOWS\System32\sechost.dll
[1125/190726.495:ERROR:process_memory_win.cc(73)] ReadMemory at 0x7ffa124d0000 of 64 bytes failed: Only part of a ReadProcessMemory or WriteProcessMemory request was completed. (0x12B)
[1125/190726.495:WARNING:pe_image_reader.cc(340)] could not read dos header from C:\WINDOWS\System32\RPCRT4.dll
[1125/190726.495:ERROR:process_memory_win.cc(73)] ReadMemory at 0x24b00000000 of 64 bytes failed: Only part of a ReadProcessMemory or WriteProcessMemory request was completed. (0x12B)
[1125/190726.495:WARNING:pe_image_reader.cc(340)] could not read dos header from C:\Program Files (x86)\Google\Chrome\Application\87.0.4280.66\chrome.dll
[1125/190726.495:ERROR:process_memory_win.cc(73)] ReadMemory at 0x7ffa12710000 of 64 bytes failed: Only part of a ReadProcessMemory or WriteProcessMemory request was completed. (0x12B)
[1125/190726.495:WARNING:pe_image_reader.cc(340)] could not read dos header from C:\WINDOWS\System32\WS2_32.dll
[1125/190726.495:ERROR:process_memory_win.cc(73)] ReadMemory at 0x7ffa13340000 of 64 bytes failed: Only part of a ReadProcessMemory or WriteProcessMemory request was completed. (0x12B)
[1125/190726.495:WARNING:pe_image_reader.cc(340)] could not read dos header from C:\WINDOWS\System32\OLEAUT32.dll
[1125/190726.495:ERROR:process_memory_win.cc(73)] ReadMemory at 0x7ffa11230000 of 64 bytes failed: Only part of a ReadProcessMemory or WriteProcessMemory request was completed. (0x12B)
[1125/190726.496:WARNING:pe_image_reader.cc(340)] could not read dos header from C:\WINDOWS\System32\msvcp_win.dll
[1125/190726.496:ERROR:process_memory_win.cc(73)] ReadMemory at 0x7ffa10b90000 of 64 bytes failed: Only part of a ReadProcessMemory or WriteProcessMemory request was completed. (0x12B)
[1125/190726.496:WARNING:pe_image_reader.cc(340)] could not read dos header from C:\WINDOWS\System32\ucrtbase.dll
[1125/190726.496:ERROR:process_memory_win.cc(73)] ReadMemory at 0x7ffa11fe0000 of 64 bytes failed: Only part of a ReadProcessMemory or WriteProcessMemory request was completed. (0x12B)
[1125/190726.496:WARNING:pe_image_reader.cc(340)] could not read dos header from C:\WINDOWS\System32\combase.dll
[1125/190726.496:ERROR:process_memory_win.cc(73)] ReadMemory at 0x7ffa11090000 of 64 bytes failed: Only part of a ReadProcessMemory or WriteProcessMemory request was completed. (0x12B)
[1125/190726.496:WARNING:pe_image_reader.cc(340)] could not read dos header from C:\WINDOWS\System32\WINTRUST.dll
[1125/190726.496:ERROR:process_memory_win.cc(73)] ReadMemory at 0x7ffa11320000 of 64 bytes failed: Only part of a ReadProcessMemory or WriteProcessMemory request was completed. (0x12B)
[1125/190726.496:WARNING:pe_image_reader.cc(340)] could not read dos header from C:\WINDOWS\System32\CRYPT32.dll
[1125/190726.496:ERROR:process_memory_win.cc(73)] ReadMemory at 0x7ffa08c40000 of 64 bytes failed: Only part of a ReadProcessMemory or WriteProcessMemory request was completed. (0x12B)
[1125/190726.496:WARNING:pe_image_reader.cc(340)] could not read dos header from C:\WINDOWS\SYSTEM32\dbghelp.dll
[1125/190726.496:ERROR:process_memory_win.cc(73)] ReadMemory at 0x7ffa10020000 of 64 bytes failed: Only part of a ReadProcessMemory or WriteProcessMemory request was completed. (0x12B)
[1125/190726.496:WARNING:pe_image_reader.cc(340)] could not read dos header from C:\WINDOWS\SYSTEM32\IPHLPAPI.DLL
[1125/190726.496:ERROR:process_memory_win.cc(73)] ReadMemory at 0x7ffa06090000 of 64 bytes failed: Only part of a ReadProcessMemory or WriteProcessMemory request was completed. (0x12B)
[1125/190726.496:WARNING:pe_image_reader.cc(340)] could not read dos header from C:\WINDOWS\SYSTEM32\WINMM.dll
[1125/190726.496:ERROR:process_memory_win.cc(73)] ReadMemory at 0x7ff9ddc80000 of 64 bytes failed: Only part of a ReadProcessMemory or WriteProcessMemory request was completed. (0x12B)
[1125/190726.496:WARNING:pe_image_reader.cc(340)] could not read dos header from C:\WINDOWS\SYSTEM32\UIAutomationCore.DLL
[1125/190726.497:ERROR:process_memory_win.cc(73)] ReadMemory at 0x7ffa04ae0000 of 64 bytes failed: Only part of a ReadProcessMemory or WriteProcessMemory request was completed. (0x12B)
[1125/190726.497:WARNING:pe_image_reader.cc(340)] could not read dos header from C:\WINDOWS\SYSTEM32\Secur32.dll
[1125/190726.497:ERROR:process_memory_win.cc(73)] ReadMemory at 0x7ffa10a80000 of 64 bytes failed: Only part of a ReadProcessMemory or WriteProcessMemory request was completed. (0x12B)
[1125/190726.497:WARNING:pe_image_reader.cc(340)] could not read dos header from C:\WINDOWS\SYSTEM32\USERENV.dll
[1125/190726.497:ERROR:process_memory_win.cc(73)] ReadMemory at 0x7ff9fc380000 of 64 bytes failed: Only part of a ReadProcessMemory or WriteProcessMemory request was completed. (0x12B)
[1125/190726.497:WARNING:pe_image_reader.cc(340)] could not read dos header from C:\WINDOWS\SYSTEM32\DWrite.dll
[1125/190726.497:ERROR:process_memory_win.cc(73)] ReadMemory at 0x7ff9efa80000 of 64 bytes failed: Only part of a ReadProcessMemory or WriteProcessMemory request was completed. (0x12B)
[1125/190726.497:WARNING:pe_image_reader.cc(340)] could not read dos header from C:\WINDOWS\SYSTEM32\WINSPOOL.DRV
[1125/190726.497:ERROR:process_memory_win.cc(73)] ReadMemory at 0x7ffa0b240000 of 64 bytes failed: Only part of a ReadProcessMemory or WriteProcessMemory request was completed. (0x12B)
[1125/190726.497:WARNING:pe_image_reader.cc(340)] could not read dos header from C:\WINDOWS\SYSTEM32\WINHTTP.dll
[1125/190726.497:ERROR:process_memory_win.cc(73)] ReadMemory at 0x7ffa09210000 of 64 bytes failed: Only part of a ReadProcessMemory or WriteProcessMemory request was completed. (0x12B)
[1125/190726.497:WARNING:pe_image_reader.cc(340)] could not read dos header from C:\WINDOWS\SYSTEM32\dhcpcsvc.DLL
[1125/190726.497:ERROR:process_memory_win.cc(73)] ReadMemory at 0x7ffa0c7b0000 of 64 bytes failed: Only part of a ReadProcessMemory or WriteProcessMemory request was completed. (0x12B)
[1125/190726.497:WARNING:pe_image_reader.cc(340)] could not read dos header from C:\WINDOWS\SYSTEM32\PROPSYS.dll
[1125/190726.497:ERROR:process_memory_win.cc(73)] ReadMemory at 0x7ffa10a40000 of 64 bytes failed: Only part of a ReadProcessMemory or WriteProcessMemory request was completed. (0x12B)
[1125/190726.497:WARNING:pe_image_reader.cc(340)] could not read dos header from C:\WINDOWS\SYSTEM32\SSPICLI.DLL
[1125/190726.497:ERROR:process_memory_win.cc(73)] ReadMemory at 0x7ffa10780000 of 64 bytes failed: Only part of a ReadProcessMemory or WriteProcessMemory request was completed. (0x12B)
[1125/190726.497:WARNING:pe_image_reader.cc(340)] could not read dos header from C:\WINDOWS\System32\MSASN1.dll
[1125/190726.497:ERROR:process_memory_win.cc(73)] ReadMemory at 0x7ffa10c90000 of 64 bytes failed: Only part of a ReadProcessMemory or WriteProcessMemory request was completed. (0x12B)
[1125/190726.497:WARNING:pe_image_reader.cc(340)] could not read dos header from C:\WINDOWS\System32\bcryptPrimitives.dll
[1125/190726.498:ERROR:process_memory_win.cc(73)] ReadMemory at 0x7ffa13160000 of 64 bytes failed: Only part of a ReadProcessMemory or WriteProcessMemory request was completed. (0x12B)
[1125/190726.498:WARNING:pe_image_reader.cc(340)] could not read dos header from C:\WINDOWS\System32\ole32.dll
[1125/190726.498:ERROR:process_memory_win.cc(73)] ReadMemory at 0x7ffa11540000 of 64 bytes failed: Only part of a ReadProcessMemory or WriteProcessMemory request was completed. (0x12B)
[1125/190726.498:WARNING:pe_image_reader.cc(340)] could not read dos header from C:\WINDOWS\System32\GDI32.dll
[1125/190726.498:ERROR:process_memory_win.cc(73)] ReadMemory at 0x7ffa11480000 of 64 bytes failed: Only part of a ReadProcessMemory or WriteProcessMemory request was completed. (0x12B)
[1125/190726.498:WARNING:pe_image_reader.cc(340)] could not read dos header from C:\WINDOWS\System32\win32u.dll
[1125/190726.498:ERROR:process_memory_win.cc(73)] ReadMemory at 0x7ffa11120000 of 64 bytes failed: Only part of a ReadProcessMemory or WriteProcessMemory request was completed. (0x12B)
[1125/190726.498:WARNING:pe_image_reader.cc(340)] could not read dos header from C:\WINDOWS\System32\gdi32full.dll
[1125/190726.498:ERROR:process_memory_win.cc(73)] ReadMemory at 0x7ffa12f60000 of 64 bytes failed: Only part of a ReadProcessMemory or WriteProcessMemory request was completed. (0x12B)
[1125/190726.498:WARNING:pe_image_reader.cc(340)] could not read dos header from C:\WINDOWS\System32\USER32.dll
[1125/190726.498:ERROR:process_memory_win.cc(73)] ReadMemory at 0x24b096e0000 of 64 bytes failed: Only part of a ReadProcessMemory or WriteProcessMemory request was completed. (0x12B)
[1125/190726.498:WARNING:pe_image_reader.cc(340)] could not read dos header from C:\WINDOWS\System32\IMM32.DLL
[1125/190726.498:ERROR:process_memory_win.cc(73)] ReadMemory at 0x7ffa11690000 of 64 bytes failed: Only part of a ReadProcessMemory or WriteProcessMemory request was completed. (0x12B)
[1125/190726.498:WARNING:pe_image_reader.cc(340)] could not read dos header from C:\WINDOWS\System32\SHELL32.dll
[1125/190726.498:ERROR:process_memory_win.cc(73)] ReadMemory at 0x7ffa0ece0000 of 64 bytes failed: Only part of a ReadProcessMemory or WriteProcessMemory request was completed. (0x12B)
[1125/190726.498:WARNING:pe_image_reader.cc(340)] could not read dos header from C:\WINDOWS\SYSTEM32\windows.storage.dll
[1125/190726.498:ERROR:process_memory_win.cc(73)] ReadMemory at 0x7ffa10600000 of 64 bytes failed: Only part of a ReadProcessMemory or WriteProcessMemory request was completed. (0x12B)
[1125/190726.498:WARNING:pe_image_reader.cc(340)] could not read dos header from C:\WINDOWS\SYSTEM32\Wldp.dll
[1125/190726.498:ERROR:process_memory_win.cc(73)] ReadMemory at 0x7ffa12600000 of 64 bytes failed: Only part of a ReadProcessMemory or WriteProcessMemory request was completed. (0x12B)
[1125/190726.498:WARNING:pe_image_reader.cc(340)] could not read dos header from C:\WINDOWS\System32\SHCORE.dll
[1125/190726.498:ERROR:process_memory_win.cc(73)] ReadMemory at 0x7ffa126b0000 of 64 bytes failed: Only part of a ReadProcessMemory or WriteProcessMemory request was completed. (0x12B)
[1125/190726.499:WARNING:pe_image_reader.cc(340)] could not read dos header from C:\WINDOWS\System32\shlwapi.dll
[1125/190726.499:ERROR:process_memory_win.cc(73)] ReadMemory at 0x7ffa10ac0000 of 64 bytes failed: Only part of a ReadProcessMemory or WriteProcessMemory request was completed. (0x12B)
[1125/190726.499:WARNING:pe_image_reader.cc(340)] could not read dos header from C:\WINDOWS\SYSTEM32\profapi.dll
[1125/190726.499:ERROR:process_memory_win.cc(73)] ReadMemory at 0x7ffa10570000 of 64 bytes failed: Only part of a ReadProcessMemory or WriteProcessMemory request was completed. (0x12B)
[1125/190726.499:WARNING:pe_image_reader.cc(340)] could not read dos header from C:\WINDOWS\SYSTEM32\CRYPTBASE.DLL
[1125/190726.503:ERROR:process_memory_win.cc(73)] ReadMemory at 0x7ff7e5390000 of 64 bytes failed: Only part of a ReadProcessMemory or WriteProcessMemory request was completed. (0x12B)
[1125/190726.503:WARNING:pe_image_reader.cc(340)] could not read dos header from C:\Program Files (x86)\Google\Chrome\Application\chrome.exe
[1125/190726.503:ERROR:process_memory_win.cc(73)] ReadMemory at 0x7ffa13450000 of 64 bytes failed: Only part of a ReadProcessMemory or WriteProcessMemory request was completed. (0x12B)
[1125/190726.503:WARNING:pe_image_reader.cc(340)] could not read dos header from C:\WINDOWS\SYSTEM32\ntdll.dll
[1125/190726.503:ERROR:process_memory_win.cc(73)] ReadMemory at 0x7ffa11ef0000 of 64 bytes failed: Only part of a ReadProcessMemory or WriteProcessMemory request was completed. (0x12B)
[1125/190726.503:WARNING:pe_image_reader.cc(340)] could not read dos header from C:\WINDOWS\System32\KERNEL32.dll
[1125/190726.503:ERROR:process_memory_win.cc(73)] ReadMemory at 0x7ffa10d10000 of 64 bytes failed: Only part of a ReadProcessMemory or WriteProcessMemory request was completed. (0x12B)
[1125/190726.503:WARNING:pe_image_reader.cc(340)] could not read dos header from C:\WINDOWS\System32\KERNELBASE.dll
[1125/190726.503:ERROR:process_memory_win.cc(73)] ReadMemory at 0x7ff9d5bb0000 of 64 bytes failed: Only part of a ReadProcessMemory or WriteProcessMemory request was completed. (0x12B)
[1125/190726.503:WARNING:pe_image_reader.cc(340)] could not read dos header from C:\Program Files (x86)\Google\Chrome\Application\87.0.4280.66\chrome_elf.dll
[1125/190726.503:ERROR:process_memory_win.cc(73)] ReadMemory at 0x7ffa09e50000 of 64 bytes failed: Only part of a ReadProcessMemory or WriteProcessMemory request was completed. (0x12B)
[1125/190726.503:WARNING:pe_image_reader.cc(340)] could not read dos header from C:\WINDOWS\SYSTEM32\VERSION.dll
[1125/190726.503:ERROR:process_memory_win.cc(73)] ReadMemory at 0x7ffa132a0000 of 64 bytes failed: Only part of a ReadProcessMemory or WriteProcessMemory request was completed. (0x12B)
[1125/190726.503:WARNING:pe_image_reader.cc(340)] could not read dos header from C:\WINDOWS\System32\msvcrt.dll
[1125/190726.503:ERROR:process_memory_win.cc(73)] ReadMemory at 0x7ffa12340000 of 64 bytes failed: Only part of a ReadProcessMemory or WriteProcessMemory request was completed. (0x12B)
[1125/190726.504:WARNING:pe_image_reader.cc(340)] could not read dos header from C:\WINDOWS\System32\ADVAPI32.dll
[1125/190726.504:ERROR:process_memory_win.cc(73)] ReadMemory at 0x7ffa115f0000 of 64 bytes failed: Only part of a ReadProcessMemory or WriteProcessMemory request was completed. (0x12B)
[1125/190726.504:WARNING:pe_image_reader.cc(340)] could not read dos header from C:\WINDOWS\System32\sechost.dll
[1125/190726.504:ERROR:process_memory_win.cc(73)] ReadMemory at 0x7ffa124d0000 of 64 bytes failed: Only part of a ReadProcessMemory or WriteProcessMemory request was completed. (0x12B)
[1125/190726.504:WARNING:pe_image_reader.cc(340)] could not read dos header from C:\WINDOWS\System32\RPCRT4.dll
[1125/190726.504:ERROR:process_memory_win.cc(73)] ReadMemory at 0x24b00000000 of 64 bytes failed: Only part of a ReadProcessMemory or WriteProcessMemory request was completed. (0x12B)
[1125/190726.504:WARNING:pe_image_reader.cc(340)] could not read dos header from C:\Program Files (x86)\Google\Chrome\Application\87.0.4280.66\chrome.dll
[1125/190726.504:ERROR:process_memory_win.cc(73)] ReadMemory at 0x7ffa12710000 of 64 bytes failed: Only part of a ReadProcessMemory or WriteProcessMemory request was completed. (0x12B)
[1125/190726.504:WARNING:pe_image_reader.cc(340)] could not read dos header from C:\WINDOWS\System32\WS2_32.dll
[1125/190726.504:ERROR:process_memory_win.cc(73)] ReadMemory at 0x7ffa13340000 of 64 bytes failed: Only part of a ReadProcessMemory or WriteProcessMemory request was completed. (0x12B)
[1125/190726.504:WARNING:pe_image_reader.cc(340)] could not read dos header from C:\WINDOWS\System32\OLEAUT32.dll
[1125/190726.504:ERROR:process_memory_win.cc(73)] ReadMemory at 0x7ffa11230000 of 64 bytes failed: Only part of a ReadProcessMemory or WriteProcessMemory request was completed. (0x12B)
[1125/190726.504:WARNING:pe_image_reader.cc(340)] could not read dos header from C:\WINDOWS\System32\msvcp_win.dll
[1125/190726.504:ERROR:process_memory_win.cc(73)] ReadMemory at 0x7ffa10b90000 of 64 bytes failed: Only part of a ReadProcessMemory or WriteProcessMemory request was completed. (0x12B)
[1125/190726.504:WARNING:pe_image_reader.cc(340)] could not read dos header from C:\WINDOWS\System32\ucrtbase.dll
[1125/190726.504:ERROR:process_memory_win.cc(73)] ReadMemory at 0x7ffa11fe0000 of 64 bytes failed: Only part of a ReadProcessMemory or WriteProcessMemory request was completed. (0x12B)
[1125/190726.504:WARNING:pe_image_reader.cc(340)] could not read dos header from C:\WINDOWS\System32\combase.dll
[1125/190726.504:ERROR:process_memory_win.cc(73)] ReadMemory at 0x7ffa11090000 of 64 bytes failed: Only part of a ReadProcessMemory or WriteProcessMemory request was completed. (0x12B)
[1125/190726.504:WARNING:pe_image_reader.cc(340)] could not read dos header from C:\WINDOWS\System32\WINTRUST.dll
[1125/190726.505:ERROR:process_memory_win.cc(73)] ReadMemory at 0x7ffa11320000 of 64 bytes failed: Only part of a ReadProcessMemory or WriteProcessMemory request was completed. (0x12B)
[1125/190726.505:WARNING:pe_image_reader.cc(340)] could not read dos header from C:\WINDOWS\System32\CRYPT32.dll
[1125/190726.505:ERROR:process_memory_win.cc(73)] ReadMemory at 0x7ffa08c40000 of 64 bytes failed: Only part of a ReadProcessMemory or WriteProcessMemory request was completed. (0x12B)
[1125/190726.505:WARNING:pe_image_reader.cc(340)] could not read dos header from C:\WINDOWS\SYSTEM32\dbghelp.dll
[1125/190726.505:ERROR:process_memory_win.cc(73)] ReadMemory at 0x7ffa10020000 of 64 bytes failed: Only part of a ReadProcessMemory or WriteProcessMemory request was completed. (0x12B)
[1125/190726.505:WARNING:pe_image_reader.cc(340)] could not read dos header from C:\WINDOWS\SYSTEM32\IPHLPAPI.DLL
[1125/190726.505:ERROR:process_memory_win.cc(73)] ReadMemory at 0x7ffa06090000 of 64 bytes failed: Only part of a ReadProcessMemory or WriteProcessMemory request was completed. (0x12B)
[1125/190726.505:WARNING:pe_image_reader.cc(340)] could not read dos header from C:\WINDOWS\SYSTEM32\WINMM.dll
[1125/190726.505:ERROR:process_memory_win.cc(73)] ReadMemory at 0x7ff9ddc80000 of 64 bytes failed: Only part of a ReadProcessMemory or WriteProcessMemory request was completed. (0x12B)
[1125/190726.505:WARNING:pe_image_reader.cc(340)] could not read dos header from C:\WINDOWS\SYSTEM32\UIAutomationCore.DLL
[1125/190726.505:ERROR:process_memory_win.cc(73)] ReadMemory at 0x7ffa04ae0000 of 64 bytes failed: Only part of a ReadProcessMemory or WriteProcessMemory request was completed. (0x12B)
[1125/190726.505:WARNING:pe_image_reader.cc(340)] could not read dos header from C:\WINDOWS\SYSTEM32\Secur32.dll
[1125/190726.505:ERROR:process_memory_win.cc(73)] ReadMemory at 0x7ffa10a80000 of 64 bytes failed: Only part of a ReadProcessMemory or WriteProcessMemory request was completed. (0x12B)
[1125/190726.505:WARNING:pe_image_reader.cc(340)] could not read dos header from C:\WINDOWS\SYSTEM32\USERENV.dll
[1125/190726.505:ERROR:process_memory_win.cc(73)] ReadMemory at 0x7ff9fc380000 of 64 bytes failed: Only part of a ReadProcessMemory or WriteProcessMemory request was completed. (0x12B)
[1125/190726.505:WARNING:pe_image_reader.cc(340)] could not read dos header from C:\WINDOWS\SYSTEM32\DWrite.dll
[1125/190726.505:ERROR:process_memory_win.cc(73)] ReadMemory at 0x7ff9efa80000 of 64 bytes failed: Only part of a ReadProcessMemory or WriteProcessMemory request was completed. (0x12B)
[1125/190726.505:WARNING:pe_image_reader.cc(340)] could not read dos header from C:\WINDOWS\SYSTEM32\WINSPOOL.DRV
[1125/190726.505:ERROR:process_memory_win.cc(73)] ReadMemory at 0x7ffa0b240000 of 64 bytes failed: Only part of a ReadProcessMemory or WriteProcessMemory request was completed. (0x12B)
[1125/190726.505:WARNING:pe_image_reader.cc(340)] could not read dos header from C:\WINDOWS\SYSTEM32\WINHTTP.dll
[1125/190726.505:ERROR:process_memory_win.cc(73)] ReadMemory at 0x7ffa09210000 of 64 bytes failed: Only part of a ReadProcessMemory or WriteProcessMemory request was completed. (0x12B)
[1125/190726.505:WARNING:pe_image_reader.cc(340)] could not read dos header from C:\WINDOWS\SYSTEM32\dhcpcsvc.DLL
[1125/190726.506:ERROR:process_memory_win.cc(73)] ReadMemory at 0x7ffa0c7b0000 of 64 bytes failed: Only part of a ReadProcessMemory or WriteProcessMemory request was completed. (0x12B)
[1125/190726.506:WARNING:pe_image_reader.cc(340)] could not read dos header from C:\WINDOWS\SYSTEM32\PROPSYS.dll
[1125/190726.506:ERROR:process_memory_win.cc(73)] ReadMemory at 0x7ffa10a40000 of 64 bytes failed: Only part of a ReadProcessMemory or WriteProcessMemory request was completed. (0x12B)
[1125/190726.506:WARNING:pe_image_reader.cc(340)] could not read dos header from C:\WINDOWS\SYSTEM32\SSPICLI.DLL
[1125/190726.506:ERROR:process_memory_win.cc(73)] ReadMemory at 0x7ffa10780000 of 64 bytes failed: Only part of a ReadProcessMemory or WriteProcessMemory request was completed. (0x12B)
[1125/190726.506:WARNING:pe_image_reader.cc(340)] could not read dos header from C:\WINDOWS\System32\MSASN1.dll
[1125/190726.506:ERROR:process_memory_win.cc(73)] ReadMemory at 0x7ffa10c90000 of 64 bytes failed: Only part of a ReadProcessMemory or WriteProcessMemory request was completed. (0x12B)
[1125/190726.506:WARNING:pe_image_reader.cc(340)] could not read dos header from C:\WINDOWS\System32\bcryptPrimitives.dll
[1125/190726.506:ERROR:process_memory_win.cc(73)] ReadMemory at 0x7ffa13160000 of 64 bytes failed: Only part of a ReadProcessMemory or WriteProcessMemory request was completed. (0x12B)
[1125/190726.506:WARNING:pe_image_reader.cc(340)] could not read dos header from C:\WINDOWS\System32\ole32.dll
[1125/190726.506:ERROR:process_memory_win.cc(73)] ReadMemory at 0x7ffa11540000 of 64 bytes failed: Only part of a ReadProcessMemory or WriteProcessMemory request was completed. (0x12B)
[1125/190726.506:WARNING:pe_image_reader.cc(340)] could not read dos header from C:\WINDOWS\System32\GDI32.dll
[1125/190726.506:ERROR:process_memory_win.cc(73)] ReadMemory at 0x7ffa11480000 of 64 bytes failed: Only part of a ReadProcessMemory or WriteProcessMemory request was completed. (0x12B)
[1125/190726.506:WARNING:pe_image_reader.cc(340)] could not read dos header from C:\WINDOWS\System32\win32u.dll
[1125/190726.506:ERROR:process_memory_win.cc(73)] ReadMemory at 0x7ffa11120000 of 64 bytes failed: Only part of a ReadProcessMemory or WriteProcessMemory request was completed. (0x12B)
[1125/190726.506:WARNING:pe_image_reader.cc(340)] could not read dos header from C:\WINDOWS\System32\gdi32full.dll
[1125/190726.506:ERROR:process_memory_win.cc(73)] ReadMemory at 0x7ffa12f60000 of 64 bytes failed: Only part of a ReadProcessMemory or WriteProcessMemory request was completed. (0x12B)
[1125/190726.506:WARNING:pe_image_reader.cc(340)] could not read dos header from C:\WINDOWS\System32\USER32.dll
[1125/190726.506:ERROR:process_memory_win.cc(73)] ReadMemory at 0x24b096e0000 of 64 bytes failed: Only part of a ReadProcessMemory or WriteProcessMemory request was completed. (0x12B)
[1125/190726.506:WARNING:pe_image_reader.cc(340)] could not read dos header from C:\WINDOWS\System32\IMM32.DLL
[1125/190726.506:ERROR:process_memory_win.cc(73)] ReadMemory at 0x7ffa11690000 of 64 bytes failed: Only part of a ReadProcessMemory or WriteProcessMemory request was completed. (0x12B)
[1125/190726.506:WARNING:pe_image_reader.cc(340)] could not read dos header from C:\WINDOWS\System32\SHELL32.dll
[1125/190726.507:ERROR:process_memory_win.cc(73)] ReadMemory at 0x7ffa0ece0000 of 64 bytes failed: Only part of a ReadProcessMemory or WriteProcessMemory request was completed. (0x12B)
[1125/190726.507:WARNING:pe_image_reader.cc(340)] could not read dos header from C:\WINDOWS\SYSTEM32\windows.storage.dll
[1125/190726.507:ERROR:process_memory_win.cc(73)] ReadMemory at 0x7ffa10600000 of 64 bytes failed: Only part of a ReadProcessMemory or WriteProcessMemory request was completed. (0x12B)
[1125/190726.507:WARNING:pe_image_reader.cc(340)] could not read dos header from C:\WINDOWS\SYSTEM32\Wldp.dll
[1125/190726.507:ERROR:process_memory_win.cc(73)] ReadMemory at 0x7ffa12600000 of 64 bytes failed: Only part of a ReadProcessMemory or WriteProcessMemory request was completed. (0x12B)
[1125/190726.507:WARNING:pe_image_reader.cc(340)] could not read dos header from C:\WINDOWS\System32\SHCORE.dll
[1125/190726.507:ERROR:process_memory_win.cc(73)] ReadMemory at 0x7ffa126b0000 of 64 bytes failed: Only part of a ReadProcessMemory or WriteProcessMemory request was completed. (0x12B)
[1125/190726.507:WARNING:pe_image_reader.cc(340)] could not read dos header from C:\WINDOWS\System32\shlwapi.dll
[1125/190726.507:ERROR:process_memory_win.cc(73)] ReadMemory at 0x7ffa10ac0000 of 64 bytes failed: Only part of a ReadProcessMemory or WriteProcessMemory request was completed. (0x12B)
[1125/190726.507:WARNING:pe_image_reader.cc(340)] could not read dos header from C:\WINDOWS\SYSTEM32\profapi.dll
[1125/190726.507:ERROR:process_memory_win.cc(73)] ReadMemory at 0x7ffa10570000 of 64 bytes failed: Only part of a ReadProcessMemory or WriteProcessMemory request was completed. (0x12B)
[1125/190726.507:WARNING:pe_image_reader.cc(340)] could not read dos header from C:\WINDOWS\SYSTEM32\CRYPTBASE.DLL
[1125/190726.507:ERROR:process_memory_win.cc(73)] ReadMemory at 0x7ff7e5390000 of 64 bytes failed: Only part of a ReadProcessMemory or WriteProcessMemory request was completed. (0x12B)
[1125/190726.507:WARNING:pe_image_reader.cc(340)] could not read dos header from C:\Program Files (x86)\Google\Chrome\Application\chrome.exe
[1125/190726.507:ERROR:process_memory_win.cc(73)] ReadMemory at 0x7ffa13450000 of 64 bytes failed: Only part of a ReadProcessMemory or WriteProcessMemory request was completed. (0x12B)
[1125/190726.507:WARNING:pe_image_reader.cc(340)] could not read dos header from C:\WINDOWS\SYSTEM32\ntdll.dll
[1125/190726.507:ERROR:process_memory_win.cc(73)] ReadMemory at 0x7ffa11ef0000 of 64 bytes failed: Only part of a ReadProcessMemory or WriteProcessMemory request was completed. (0x12B)
[1125/190726.507:WARNING:pe_image_reader.cc(340)] could not read dos header from C:\WINDOWS\System32\KERNEL32.dll
[1125/190726.507:ERROR:process_memory_win.cc(73)] ReadMemory at 0x7ffa10d10000 of 64 bytes failed: Only part of a ReadProcessMemory or WriteProcessMemory request was completed. (0x12B)
[1125/190726.507:WARNING:pe_image_reader.cc(340)] could not read dos header from C:\WINDOWS\System32\KERNELBASE.dll
[1125/190726.508:ERROR:process_memory_win.cc(73)] ReadMemory at 0x7ff9d5bb0000 of 64 bytes failed: Only part of a ReadProcessMemory or WriteProcessMemory request was completed. (0x12B)
[1125/190726.508:WARNING:pe_image_reader.cc(340)] could not read dos header from C:\Program Files (x86)\Google\Chrome\Application\87.0.4280.66\chrome_elf.dll
[1125/190726.508:ERROR:process_memory_win.cc(73)] ReadMemory at 0x7ffa09e50000 of 64 bytes failed: Only part of a ReadProcessMemory or WriteProcessMemory request was completed. (0x12B)
[1125/190726.508:WARNING:pe_image_reader.cc(340)] could not read dos header from C:\WINDOWS\SYSTEM32\VERSION.dll
[1125/190726.508:ERROR:process_memory_win.cc(73)] ReadMemory at 0x7ffa132a0000 of 64 bytes failed: Only part of a ReadProcessMemory or WriteProcessMemory request was completed. (0x12B)
[1125/190726.508:WARNING:pe_image_reader.cc(340)] could not read dos header from C:\WINDOWS\System32\msvcrt.dll
[1125/190726.508:ERROR:process_memory_win.cc(73)] ReadMemory at 0x7ffa12340000 of 64 bytes failed: Only part of a ReadProcessMemory or WriteProcessMemory request was completed. (0x12B)
[1125/190726.508:WARNING:pe_image_reader.cc(340)] could not read dos header from C:\WINDOWS\System32\ADVAPI32.dll
[1125/190726.508:ERROR:process_memory_win.cc(73)] ReadMemory at 0x7ffa115f0000 of 64 bytes failed: Only part of a ReadProcessMemory or WriteProcessMemory request was completed. (0x12B)
[1125/190726.508:WARNING:pe_image_reader.cc(340)] could not read dos header from C:\WINDOWS\System32\sechost.dll
[1125/190726.508:ERROR:process_memory_win.cc(73)] ReadMemory at 0x7ffa124d0000 of 64 bytes failed: Only part of a ReadProcessMemory or WriteProcessMemory request was completed. (0x12B)
[1125/190726.508:WARNING:pe_image_reader.cc(340)] could not read dos header from C:\WINDOWS\System32\RPCRT4.dll
[1125/190726.508:ERROR:process_memory_win.cc(73)] ReadMemory at 0x24b00000000 of 64 bytes failed: Only part of a ReadProcessMemory or WriteProcessMemory request was completed. (0x12B)
[1125/190726.508:WARNING:pe_image_reader.cc(340)] could not read dos header from C:\Program Files (x86)\Google\Chrome\Application\87.0.4280.66\chrome.dll
[1125/190726.509:ERROR:process_memory_win.cc(73)] ReadMemory at 0x7ffa12710000 of 64 bytes failed: Only part of a ReadProcessMemory or WriteProcessMemory request was completed. (0x12B)
[1125/190726.509:WARNING:pe_image_reader.cc(340)] could not read dos header from C:\WINDOWS\System32\WS2_32.dll
[1125/190726.509:ERROR:process_memory_win.cc(73)] ReadMemory at 0x7ffa13340000 of 64 bytes failed: Only part of a ReadProcessMemory or WriteProcessMemory request was completed. (0x12B)
[1125/190726.509:WARNING:pe_image_reader.cc(340)] could not read dos header from C:\WINDOWS\System32\OLEAUT32.dll
[1125/190726.509:ERROR:process_memory_win.cc(73)] ReadMemory at 0x7ffa11230000 of 64 bytes failed: Only part of a ReadProcessMemory or WriteProcessMemory request was completed. (0x12B)
[1125/190726.509:WARNING:pe_image_reader.cc(340)] could not read dos header from C:\WINDOWS\System32\msvcp_win.dll
[1125/190726.509:ERROR:process_memory_win.cc(73)] ReadMemory at 0x7ffa10b90000 of 64 bytes failed: Only part of a ReadProcessMemory or WriteProcessMemory request was completed. (0x12B)
[1125/190726.509:WARNING:pe_image_reader.cc(340)] could not read dos header from C:\WINDOWS\System32\ucrtbase.dll
[1125/190726.509:ERROR:process_memory_win.cc(73)] ReadMemory at 0x7ffa11fe0000 of 64 bytes failed: Only part of a ReadProcessMemory or WriteProcessMemory request was completed. (0x12B)
[1125/190726.509:WARNING:pe_image_reader.cc(340)] could not read dos header from C:\WINDOWS\System32\combase.dll
[1125/190726.509:ERROR:process_memory_win.cc(73)] ReadMemory at 0x7ffa11090000 of 64 bytes failed: Only part of a ReadProcessMemory or WriteProcessMemory request was completed. (0x12B)
[1125/190726.509:WARNING:pe_image_reader.cc(340)] could not read dos header from C:\WINDOWS\System32\WINTRUST.dll
[1125/190726.509:ERROR:process_memory_win.cc(73)] ReadMemory at 0x7ffa11320000 of 64 bytes failed: Only part of a ReadProcessMemory or WriteProcessMemory request was completed. (0x12B)
[1125/190726.509:WARNING:pe_image_reader.cc(340)] could not read dos header from C:\WINDOWS\System32\CRYPT32.dll
[1125/190726.509:ERROR:process_memory_win.cc(73)] ReadMemory at 0x7ffa08c40000 of 64 bytes failed: Only part of a ReadProcessMemory or WriteProcessMemory request was completed. (0x12B)
[1125/190726.509:WARNING:pe_image_reader.cc(340)] could not read dos header from C:\WINDOWS\SYSTEM32\dbghelp.dll
[1125/190726.510:ERROR:process_memory_win.cc(73)] ReadMemory at 0x7ffa10020000 of 64 bytes failed: Only part of a ReadProcessMemory or WriteProcessMemory request was completed. (0x12B)
[1125/190726.510:WARNING:pe_image_reader.cc(340)] could not read dos header from C:\WINDOWS\SYSTEM32\IPHLPAPI.DLL
[1125/190726.510:ERROR:process_memory_win.cc(73)] ReadMemory at 0x7ffa06090000 of 64 bytes failed: Only part of a ReadProcessMemory or WriteProcessMemory request was completed. (0x12B)
[1125/190726.510:WARNING:pe_image_reader.cc(340)] could not read dos header from C:\WINDOWS\SYSTEM32\WINMM.dll
[1125/190726.510:ERROR:process_memory_win.cc(73)] ReadMemory at 0x7ff9ddc80000 of 64 bytes failed: Only part of a ReadProcessMemory or WriteProcessMemory request was completed. (0x12B)
[1125/190726.510:WARNING:pe_image_reader.cc(340)] could not read dos header from C:\WINDOWS\SYSTEM32\UIAutomationCore.DLL
[1125/190726.510:ERROR:process_memory_win.cc(73)] ReadMemory at 0x7ffa04ae0000 of 64 bytes failed: Only part of a ReadProcessMemory or WriteProcessMemory request was completed. (0x12B)
[1125/190726.510:WARNING:pe_image_reader.cc(340)] could not read dos header from C:\WINDOWS\SYSTEM32\Secur32.dll
[1125/190726.510:ERROR:process_memory_win.cc(73)] ReadMemory at 0x7ffa10a80000 of 64 bytes failed: Only part of a ReadProcessMemory or WriteProcessMemory request was completed. (0x12B)
[1125/190726.510:WARNING:pe_image_reader.cc(340)] could not read dos header from C:\WINDOWS\SYSTEM32\USERENV.dll
[1125/190726.510:ERROR:process_memory_win.cc(73)] ReadMemory at 0x7ff9fc380000 of 64 bytes failed: Only part of a ReadProcessMemory or WriteProcessMemory request was completed. (0x12B)
[1125/190726.510:WARNING:pe_image_reader.cc(340)] could not read dos header from C:\WINDOWS\SYSTEM32\DWrite.dll
[1125/190726.510:ERROR:process_memory_win.cc(73)] ReadMemory at 0x7ff9efa80000 of 64 bytes failed: Only part of a ReadProcessMemory or WriteProcessMemory request was completed. (0x12B)
[1125/190726.510:WARNING:pe_image_reader.cc(340)] could not read dos header from C:\WINDOWS\SYSTEM32\WINSPOOL.DRV
[1125/190726.510:ERROR:process_memory_win.cc(73)] ReadMemory at 0x7ffa0b240000 of 64 bytes failed: Only part of a ReadProcessMemory or WriteProcessMemory request was completed. (0x12B)
[1125/190726.510:WARNING:pe_image_reader.cc(340)] could not read dos header from C:\WINDOWS\SYSTEM32\WINHTTP.dll
[1125/190726.511:ERROR:process_memory_win.cc(73)] ReadMemory at 0x7ffa09210000 of 64 bytes failed: Only part of a ReadProcessMemory or WriteProcessMemory request was completed. (0x12B)
[1125/190726.511:WARNING:pe_image_reader.cc(340)] could not read dos header from C:\WINDOWS\SYSTEM32\dhcpcsvc.DLL
[1125/190726.511:ERROR:process_memory_win.cc(73)] ReadMemory at 0x7ffa0c7b0000 of 64 bytes failed: Only part of a ReadProcessMemory or WriteProcessMemory request was completed. (0x12B)
[1125/190726.511:WARNING:pe_image_reader.cc(340)] could not read dos header from C:\WINDOWS\SYSTEM32\PROPSYS.dll
[1125/190726.511:ERROR:process_memory_win.cc(73)] ReadMemory at 0x7ffa10a40000 of 64 bytes failed: Only part of a ReadProcessMemory or WriteProcessMemory request was completed. (0x12B)
[1125/190726.511:WARNING:pe_image_reader.cc(340)] could not read dos header from C:\WINDOWS\SYSTEM32\SSPICLI.DLL
[1125/190726.511:ERROR:process_memory_win.cc(73)] ReadMemory at 0x7ffa10780000 of 64 bytes failed: Only part of a ReadProcessMemory or WriteProcessMemory request was completed. (0x12B)
[1125/190726.511:WARNING:pe_image_reader.cc(340)] could not read dos header from C:\WINDOWS\System32\MSASN1.dll
[1125/190726.511:ERROR:process_memory_win.cc(73)] ReadMemory at 0x7ffa10c90000 of 64 bytes failed: Only part of a ReadProcessMemory or WriteProcessMemory request was completed. (0x12B)
[1125/190726.511:WARNING:pe_image_reader.cc(340)] could not read dos header from C:\WINDOWS\System32\bcryptPrimitives.dll
[1125/190726.511:ERROR:process_memory_win.cc(73)] ReadMemory at 0x7ffa13160000 of 64 bytes failed: Only part of a ReadProcessMemory or WriteProcessMemory request was completed. (0x12B)
[1125/190726.511:WARNING:pe_image_reader.cc(340)] could not read dos header from C:\WINDOWS\System32\ole32.dll
[1125/190726.511:ERROR:process_memory_win.cc(73)] ReadMemory at 0x7ffa11540000 of 64 bytes failed: Only part of a ReadProcessMemory or WriteProcessMemory request was completed. (0x12B)
[1125/190726.511:WARNING:pe_image_reader.cc(340)] could not read dos header from C:\WINDOWS\System32\GDI32.dll
[1125/190726.511:ERROR:process_memory_win.cc(73)] ReadMemory at 0x7ffa11480000 of 64 bytes failed: Only part of a ReadProcessMemory or WriteProcessMemory request was completed. (0x12B)
[1125/190726.511:WARNING:pe_image_reader.cc(340)] could not read dos header from C:\WINDOWS\System32\win32u.dll
[1125/190726.512:ERROR:process_memory_win.cc(73)] ReadMemory at 0x7ffa11120000 of 64 bytes failed: Only part of a ReadProcessMemory or WriteProcessMemory request was completed. (0x12B)
[1125/190726.512:WARNING:pe_image_reader.cc(340)] could not read dos header from C:\WINDOWS\System32\gdi32full.dll
[1125/190726.512:ERROR:process_memory_win.cc(73)] ReadMemory at 0x7ffa12f60000 of 64 bytes failed: Only part of a ReadProcessMemory or WriteProcessMemory request was completed. (0x12B)
[1125/190726.512:WARNING:pe_image_reader.cc(340)] could not read dos header from C:\WINDOWS\System32\USER32.dll
[1125/190726.512:ERROR:process_memory_win.cc(73)] ReadMemory at 0x24b096e0000 of 64 bytes failed: Only part of a ReadProcessMemory or WriteProcessMemory request was completed. (0x12B)
[1125/190726.512:WARNING:pe_image_reader.cc(340)] could not read dos header from C:\WINDOWS\System32\IMM32.DLL
[1125/190726.512:ERROR:process_memory_win.cc(73)] ReadMemory at 0x7ffa11690000 of 64 bytes failed: Only part of a ReadProcessMemory or WriteProcessMemory request was completed. (0x12B)
[1125/190726.512:WARNING:pe_image_reader.cc(340)] could not read dos header from C:\WINDOWS\System32\SHELL32.dll
[1125/190726.512:ERROR:process_memory_win.cc(73)] ReadMemory at 0x7ffa0ece0000 of 64 bytes failed: Only part of a ReadProcessMemory or WriteProcessMemory request was completed. (0x12B)
[1125/190726.512:WARNING:pe_image_reader.cc(340)] could not read dos header from C:\WINDOWS\SYSTEM32\windows.storage.dll
[1125/190726.512:ERROR:process_memory_win.cc(73)] ReadMemory at 0x7ffa10600000 of 64 bytes failed: Only part of a ReadProcessMemory or WriteProcessMemory request was completed. (0x12B)
[1125/190726.512:WARNING:pe_image_reader.cc(340)] could not read dos header from C:\WINDOWS\SYSTEM32\Wldp.dll
[1125/190726.512:ERROR:process_memory_win.cc(73)] ReadMemory at 0x7ffa12600000 of 64 bytes failed: Only part of a ReadProcessMemory or WriteProcessMemory request was completed. (0x12B)
[1125/190726.512:WARNING:pe_image_reader.cc(340)] could not read dos header from C:\WINDOWS\System32\SHCORE.dll
[1125/190726.512:ERROR:process_memory_win.cc(73)] ReadMemory at 0x7ffa126b0000 of 64 bytes failed: Only part of a ReadProcessMemory or WriteProcessMemory request was completed. (0x12B)
[1125/190726.512:WARNING:pe_image_reader.cc(340)] could not read dos header from C:\WINDOWS\System32\shlwapi.dll
[1125/190726.512:ERROR:process_memory_win.cc(73)] ReadMemory at 0x7ffa10ac0000 of 64 bytes failed: Only part of a ReadProcessMemory or WriteProcessMemory request was completed. (0x12B)
[1125/190726.513:WARNING:pe_image_reader.cc(340)] could not read dos header from C:\WINDOWS\SYSTEM32\profapi.dll
[1125/190726.513:ERROR:process_memory_win.cc(73)] ReadMemory at 0x7ffa10570000 of 64 bytes failed: Only part of a ReadProcessMemory or WriteProcessMemory request was completed. (0x12B)
[1125/190726.513:WARNING:pe_image_reader.cc(340)] could not read dos header from C:\WINDOWS\SYSTEM32\CRYPTBASE.DLL
[1125/190726.536:ERROR:process_memory_win.cc(73)] ReadMemory at 0x9d5cbdb000 of 151552 bytes failed: Only part of a ReadProcessMemory or WriteProcessMemory request was completed. (0x12B)
[1125/190726.536:ERROR:process_memory_win.cc(73)] ReadMemory at 0x9d5d3fe000 of 8192 bytes failed: Only part of a ReadProcessMemory or WriteProcessMemory request was completed. (0x12B)
[1125/190726.537:ERROR:process_memory_win.cc(73)] ReadMemory at 0x9d5dbf7000 of 36864 bytes failed: Only part of a ReadProcessMemory or WriteProcessMemory request was completed. (0x12B)
[1125/190726.537:ERROR:process_memory_win.cc(73)] ReadMemory at 0x9d5e3fd000 of 12288 bytes failed: Only part of a ReadProcessMemory or WriteProcessMemory request was completed. (0x12B)
[1125/190726.537:ERROR:process_memory_win.cc(73)] ReadMemory at 0x9d5ebf6000 of 40960 bytes failed: Only part of a ReadProcessMemory or WriteProcessMemory request was completed. (0x12B)
[1125/190726.537:ERROR:process_memory_win.cc(73)] ReadMemory at 0x9d5f3fc000 of 16384 bytes failed: Only part of a ReadProcessMemory or WriteProcessMemory request was completed. (0x12B)
[1125/190726.537:ERROR:process_memory_win.cc(73)] ReadMemory at 0x9d5fbfe000 of 8192 bytes failed: Only part of a ReadProcessMemory or WriteProcessMemory request was completed. (0x12B)
[1125/190726.537:ERROR:process_memory_win.cc(73)] ReadMemory at 0x9d603fe000 of 8192 bytes failed: Only part of a ReadProcessMemory or WriteProcessMemory request was completed. (0x12B)
[1125/190726.537:ERROR:process_memory_win.cc(73)] ReadMemory at 0x9d60bfd000 of 12288 bytes failed: Only part of a ReadProcessMemory or WriteProcessMemory request was completed. (0x12B)
[1125/190726.538:ERROR:process_memory_win.cc(73)] ReadMemory at 0x9d613fe000 of 8192 bytes failed: Only part of a ReadProcessMemory or WriteProcessMemory request was completed. (0x12B)
[1125/190726.538:ERROR:process_memory_win.cc(73)] ReadMemory at 0x9d61bfe000 of 8192 bytes failed: Only part of a ReadProcessMemory or WriteProcessMemory request was completed. (0x12B)
[1125/190726.538:ERROR:process_memory_win.cc(73)] ReadMemory at 0x9d623fc000 of 16384 bytes failed: Only part of a ReadProcessMemory or WriteProcessMemory request was completed. (0x12B)
[1125/190726.538:ERROR:process_memory_win.cc(73)] ReadMemory at 0x9d62bfc000 of 16384 bytes failed: Only part of a ReadProcessMemory or WriteProcessMemory request was completed. (0x12B)
[1125/190726.538:ERROR:process_memory_win.cc(73)] ReadMemory at 0x9d633fc000 of 16384 bytes failed: Only part of a ReadProcessMemory or WriteProcessMemory request was completed. (0x12B)
[1125/190726.538:ERROR:process_memory_win.cc(73)] ReadMemory at 0x9d63bfc000 of 16384 bytes failed: Only part of a ReadProcessMemory or WriteProcessMemory request was completed. (0x12B)
[1125/190726.538:ERROR:process_memory_win.cc(73)] ReadMemory at 0x9d643fd000 of 12288 bytes failed: Only part of a ReadProcessMemory or WriteProcessMemory request was completed. (0x12B)
[1125/190726.538:ERROR:process_memory_win.cc(73)] ReadMemory at 0x9d64bfd000 of 12288 bytes failed: Only part of a ReadProcessMemory or WriteProcessMemory request was completed. (0x12B)
[1125/190726.539:ERROR:process_memory_win.cc(73)] ReadMemory at 0x9d653fd000 of 12288 bytes failed: Only part of a ReadProcessMemory or WriteProcessMemory request was completed. (0x12B)
[1125/190726.539:ERROR:process_memory_win.cc(73)] ReadMemory at 0x9d65bf8000 of 32768 bytes failed: Only part of a ReadProcessMemory or WriteProcessMemory request was completed. (0x12B)
[1125/190726.539:ERROR:process_memory_win.cc(73)] ReadMemory at 0x9d663fd000 of 12288 bytes failed: Only part of a ReadProcessMemory or WriteProcessMemory request was completed. (0x12B)
[1125/190726.539:ERROR:process_memory_win.cc(73)] ReadMemory at 0x9d66bfe000 of 8192 bytes failed: Only part of a ReadProcessMemory or WriteProcessMemory request was completed. (0x12B)
[1125/190726.539:ERROR:process_memory_win.cc(73)] ReadMemory at 0x9d673fa000 of 24576 bytes failed: Only part of a ReadProcessMemory or WriteProcessMemory request was completed. (0x12B)
[1125/190726.539:ERROR:process_memory_win.cc(73)] ReadMemory at 0x9d67bfd000 of 12288 bytes failed: Only part of a ReadProcessMemory or WriteProcessMemory request was completed. (0x12B)
[1125/190726.540:ERROR:process_memory_win.cc(73)] ReadMemory at 0x9d5c344000 of 852 bytes failed: Only part of a ReadProcessMemory or WriteProcessMemory request was completed. (0x12B)
[1125/190726.540:ERROR:process_memory_win.cc(73)] ReadMemory at 0x9d5c345000 of 6024 bytes failed: Only part of a ReadProcessMemory or WriteProcessMemory request was completed. (0x12B)
[1125/190726.540:ERROR:process_memory_win.cc(73)] ReadMemory at 0x9d5c347000 of 6024 bytes failed: Only part of a ReadProcessMemory or WriteProcessMemory request was completed. (0x12B)
[1125/190726.540:ERROR:process_memory_win.cc(73)] ReadMemory at 0x9d5c349000 of 6024 bytes failed: Only part of a ReadProcessMemory or WriteProcessMemory request was completed. (0x12B)
[1125/190726.540:ERROR:process_memory_win.cc(73)] ReadMemory at 0x9d5c34b000 of 6024 bytes failed: Only part of a ReadProcessMemory or WriteProcessMemory request was completed. (0x12B)
[1125/190726.540:ERROR:process_memory_win.cc(73)] ReadMemory at 0x9d5c34d000 of 6024 bytes failed: Only part of a ReadProcessMemory or WriteProcessMemory request was completed. (0x12B)
[1125/190726.540:ERROR:process_memory_win.cc(73)] ReadMemory at 0x9d5c34f000 of 6024 bytes failed: Only part of a ReadProcessMemory or WriteProcessMemory request was completed. (0x12B)
[1125/190726.541:ERROR:process_memory_win.cc(73)] ReadMemory at 0x9d5c351000 of 6024 bytes failed: Only part of a ReadProcessMemory or WriteProcessMemory request was completed. (0x12B)
[1125/190726.541:ERROR:process_memory_win.cc(73)] ReadMemory at 0x9d5c353000 of 6024 bytes failed: Only part of a ReadProcessMemory or WriteProcessMemory request was completed. (0x12B)
[1125/190726.541:ERROR:process_memory_win.cc(73)] ReadMemory at 0x9d5c355000 of 6024 bytes failed: Only part of a ReadProcessMemory or WriteProcessMemory request was completed. (0x12B)
[1125/190726.541:ERROR:process_memory_win.cc(73)] ReadMemory at 0x9d5c357000 of 6024 bytes failed: Only part of a ReadProcessMemory or WriteProcessMemory request was completed. (0x12B)
[1125/190726.541:ERROR:process_memory_win.cc(73)] ReadMemory at 0x9d5c359000 of 6024 bytes failed: Only part of a ReadProcessMemory or WriteProcessMemory request was completed. (0x12B)
[1125/190726.541:ERROR:process_memory_win.cc(73)] ReadMemory at 0x9d5c35b000 of 6024 bytes failed: Only part of a ReadProcessMemory or WriteProcessMemory request was completed. (0x12B)
[1125/190726.542:ERROR:process_memory_win.cc(73)] ReadMemory at 0x9d5c35d000 of 6024 bytes failed: Only part of a ReadProcessMemory or WriteProcessMemory request was completed. (0x12B)
[1125/190726.542:ERROR:process_memory_win.cc(73)] ReadMemory at 0x9d5c35f000 of 6024 bytes failed: Only part of a ReadProcessMemory or WriteProcessMemory request was completed. (0x12B)
[1125/190726.542:ERROR:process_memory_win.cc(73)] ReadMemory at 0x9d5c361000 of 6024 bytes failed: Only part of a ReadProcessMemory or WriteProcessMemory request was completed. (0x12B)
[1125/190726.542:ERROR:process_memory_win.cc(73)] ReadMemory at 0x9d5c363000 of 6024 bytes failed: Only part of a ReadProcessMemory or WriteProcessMemory request was completed. (0x12B)
[1125/190726.542:ERROR:process_memory_win.cc(73)] ReadMemory at 0x9d5c365000 of 6024 bytes failed: Only part of a ReadProcessMemory or WriteProcessMemory request was completed. (0x12B)
[1125/190726.542:ERROR:process_memory_win.cc(73)] ReadMemory at 0x9d5c367000 of 6024 bytes failed: Only part of a ReadProcessMemory or WriteProcessMemory request was completed. (0x12B)
[1125/190726.542:ERROR:process_memory_win.cc(73)] ReadMemory at 0x9d5c369000 of 6024 bytes failed: Only part of a ReadProcessMemory or WriteProcessMemory request was completed. (0x12B)
[1125/190726.543:ERROR:process_memory_win.cc(73)] ReadMemory at 0x9d5c36b000 of 6024 bytes failed: Only part of a ReadProcessMemory or WriteProcessMemory request was completed. (0x12B)
[1125/190726.543:ERROR:process_memory_win.cc(73)] ReadMemory at 0x9d5c36d000 of 6024 bytes failed: Only part of a ReadProcessMemory or WriteProcessMemory request was completed. (0x12B)
[1125/190726.543:ERROR:process_memory_win.cc(73)] ReadMemory at 0x9d5c36f000 of 6024 bytes failed: Only part of a ReadProcessMemory or WriteProcessMemory request was completed. (0x12B)
[1125/190726.543:ERROR:process_memory_win.cc(73)] ReadMemory at 0x9d5c371000 of 6024 bytes failed: Only part of a ReadProcessMemory or WriteProcessMemory request was completed. (0x12B)
[1125/190726.543:ERROR:process_memory_win.cc(73)] ReadMemory at 0x24b021b1f9b of 512 bytes failed: Only part of a ReadProcessMemory or WriteProcessMemory request was completed. (0x12B)
[1125/190726.544:ERROR:process_memory_win.cc(73)] ReadMemory at 0x24b029b6580 of 512 bytes failed: Only part of a ReadProcessMemory or WriteProcessMemory request was completed. (0x12B)
[1125/190726.544:ERROR:process_memory_win.cc(73)] ReadMemory at 0x24b07df2f30 of 512 bytes failed: Only part of a ReadProcessMemory or WriteProcessMemory request was completed. (0x12B)
[1125/190726.544:ERROR:process_memory_win.cc(73)] ReadMemory at 0x24b07e4eba0 of 512 bytes failed: Only part of a ReadProcessMemory or WriteProcessMemory request was completed. (0x12B)
[1125/190726.544:ERROR:process_memory_win.cc(73)] ReadMemory at 0x24b0830d880 of 512 bytes failed: Only part of a ReadProcessMemory or WriteProcessMemory request was completed. (0x12B)
[1125/190726.544:ERROR:process_memory_win.cc(73)] ReadMemory at 0x24b0ac90000 of 384 bytes failed: Only part of a ReadProcessMemory or WriteProcessMemory request was completed. (0x12B)
[1125/190726.544:ERROR:process_memory_win.cc(73)] ReadMemory at 0x24b0aca0358 of 512 bytes failed: Only part of a ReadProcessMemory or WriteProcessMemory request was completed. (0x12B)
[1125/190726.544:ERROR:process_memory_win.cc(73)] ReadMemory at 0x24b0aca1f10 of 512 bytes failed: Only part of a ReadProcessMemory or WriteProcessMemory request was completed. (0x12B)
[1125/190726.545:ERROR:process_memory_win.cc(73)] ReadMemory at 0x24b0aca9868 of 512 bytes failed: Only part of a ReadProcessMemory or WriteProcessMemory request was completed. (0x12B)
[1125/190726.545:ERROR:process_memory_win.cc(73)] ReadMemory at 0x24b0ad89a80 of 512 bytes failed: Only part of a ReadProcessMemory or WriteProcessMemory request was completed. (0x12B)
[1125/190726.545:ERROR:process_memory_win.cc(73)] ReadMemory at 0x24b0afed358 of 512 bytes failed: Only part of a ReadProcessMemory or WriteProcessMemory request was completed. (0x12B)
[1125/190726.545:ERROR:process_memory_win.cc(73)] ReadMemory at 0x24b0b14f300 of 512 bytes failed: Only part of a ReadProcessMemory or WriteProcessMemory request was completed. (0x12B)
[1125/190726.545:ERROR:process_memory_win.cc(73)] ReadMemory at 0x24b0b36a5c8 of 512 bytes failed: Only part of a ReadProcessMemory or WriteProcessMemory request was completed. (0x12B)
[1125/190726.546:ERROR:process_memory_win.cc(73)] ReadMemory at 0x24b0b375350 of 512 bytes failed: Only part of a ReadProcessMemory or WriteProcessMemory request was completed. (0x12B)
[1125/190726.546:ERROR:process_memory_win.cc(73)] ReadMemory at 0x24b0b408760 of 512 bytes failed: Only part of a ReadProcessMemory or WriteProcessMemory request was completed. (0x12B)
[1125/190726.546:ERROR:process_memory_win.cc(73)] ReadMemory at 0x24b0b40ea90 of 512 bytes failed: Only part of a ReadProcessMemory or WriteProcessMemory request was completed. (0x12B)
[1125/190726.546:ERROR:process_memory_win.cc(73)] ReadMemory at 0x24b0b4c1a50 of 1024 bytes failed: Only part of a ReadProcessMemory or WriteProcessMemory request was completed. (0x12B)
[1125/190726.546:ERROR:process_memory_win.cc(73)] ReadMemory at 0x24b0b548688 of 512 bytes failed: Only part of a ReadProcessMemory or WriteProcessMemory request was completed. (0x12B)
[1125/190726.546:ERROR:process_memory_win.cc(73)] ReadMemory at 0x24b0bd7d118 of 515 bytes failed: Only part of a ReadProcessMemory or WriteProcessMemory request was completed. (0x12B)
[1125/190726.547:ERROR:process_memory_win.cc(73)] ReadMemory at 0x24b0c4bd480 of 512 bytes failed: Only part of a ReadProcessMemory or WriteProcessMemory request was completed. (0x12B)
[1125/190726.547:ERROR:process_memory_win.cc(73)] ReadMemory at 0x24b0c932280 of 512 bytes failed: Only part of a ReadProcessMemory or WriteProcessMemory request was completed. (0x12B)
[1125/190726.547:ERROR:process_memory_win.cc(73)] ReadMemory at 0x24b0c9e9a50 of 512 bytes failed: Only part of a ReadProcessMemory or WriteProcessMemory request was completed. (0x12B)
[1125/190726.547:ERROR:process_memory_win.cc(73)] ReadMemory at 0x24b0c9ea350 of 512 bytes failed: Only part of a ReadProcessMemory or WriteProcessMemory request was completed. (0x12B)
[1125/190726.547:ERROR:process_memory_win.cc(73)] ReadMemory at 0x24b0cc194c0 of 512 bytes failed: Only part of a ReadProcessMemory or WriteProcessMemory request was completed. (0x12B)
[1125/190726.547:ERROR:process_memory_win.cc(73)] ReadMemory at 0x24b7a581000 of 512 bytes failed: Only part of a ReadProcessMemory or WriteProcessMemory request was completed. (0x12B)
[1125/190726.548:ERROR:process_memory_win.cc(73)] ReadMemory at 0x24b7a582680 of 512 bytes failed: Only part of a ReadProcessMemory or WriteProcessMemory request was completed. (0x12B)
[1125/190726.548:ERROR:process_memory_win.cc(73)] ReadMemory at 0x24b7a588ec0 of 512 bytes failed: Only part of a ReadProcessMemory or WriteProcessMemory request was completed. (0x12B)
[1125/190726.548:ERROR:process_memory_win.cc(73)] ReadMemory at 0x24b7a6f0fe0 of 4640 bytes failed: Only part of a ReadProcessMemory or WriteProcessMemory request was completed. (0x12B)
[1125/190726.548:ERROR:process_memory_win.cc(73)] ReadMemory at 0x24b7a6f2210 of 1012 bytes failed: Only part of a ReadProcessMemory or WriteProcessMemory request was completed. (0x12B)
[1125/190726.548:ERROR:process_memory_win.cc(73)] ReadMemory at 0x24b7a6f2858 of 118 bytes failed: Only part of a ReadProcessMemory or WriteProcessMemory request was completed. (0x12B)
[1125/190726.548:ERROR:process_memory_win.cc(73)] ReadMemory at 0x24b7a6f28d0 of 1218 bytes failed: Only part of a ReadProcessMemory or WriteProcessMemory request was completed. (0x12B)
[1125/190726.549:ERROR:process_memory_win.cc(73)] ReadMemory at 0x24b7a6f2d94 of 118 bytes failed: Only part of a ReadProcessMemory or WriteProcessMemory request was completed. (0x12B)
[1125/190726.549:ERROR:process_memory_win.cc(73)] ReadMemory at 0x24b7a6f2e0c of 96 bytes failed: Only part of a ReadProcessMemory or WriteProcessMemory request was completed. (0x12B)
[1125/190726.549:ERROR:process_memory_win.cc(73)] ReadMemory at 0x24b7a6f2e80 of 58 bytes failed: Only part of a ReadProcessMemory or WriteProcessMemory request was completed. (0x12B)
[1125/190726.549:ERROR:process_memory_win.cc(73)] ReadMemory at 0x24b7a6f2f80 of 132 bytes failed: Only part of a ReadProcessMemory or WriteProcessMemory request was completed. (0x12B)
[1125/190726.549:ERROR:process_memory_win.cc(73)] ReadMemory at 0x24b7a6f3110 of 132 bytes failed: Only part of a ReadProcessMemory or WriteProcessMemory request was completed. (0x12B)
[1125/190726.549:ERROR:process_memory_win.cc(73)] ReadMemory at 0x24b7a6f32d0 of 124 bytes failed: Only part of a ReadProcessMemory or WriteProcessMemory request was completed. (0x12B)
[1125/190726.549:ERROR:process_memory_win.cc(73)] ReadMemory at 0x24b7a6f36e0 of 132 bytes failed: Only part of a ReadProcessMemory or WriteProcessMemory request was completed. (0x12B)
[1125/190726.549:ERROR:process_memory_win.cc(73)] ReadMemory at 0x24b7a6f3c60 of 132 bytes failed: Only part of a ReadProcessMemory or WriteProcessMemory request was completed. (0x12B)
[1125/190726.550:ERROR:process_memory_win.cc(73)] ReadMemory at 0x24b7a6f3df0 of 64 bytes failed: Only part of a ReadProcessMemory or WriteProcessMemory request was completed. (0x12B)
[1125/190726.550:ERROR:process_memory_win.cc(73)] ReadMemory at 0x24b7a6f4090 of 152 bytes failed: Only part of a ReadProcessMemory or WriteProcessMemory request was completed. (0x12B)
[1125/190726.550:ERROR:process_memory_win.cc(73)] ReadMemory at 0x24b7a6f4270 of 132 bytes failed: Only part of a ReadProcessMemory or WriteProcessMemory request was completed. (0x12B)
[1125/190726.550:ERROR:process_memory_win.cc(73)] ReadMemory at 0x24b7a6f4400 of 68 bytes failed: Only part of a ReadProcessMemory or WriteProcessMemory request was completed. (0x12B)
[1125/190726.550:ERROR:process_memory_win.cc(73)] ReadMemory at 0x24b7a6f9560 of 132 bytes failed: Only part of a ReadProcessMemory or WriteProcessMemory request was completed. (0x12B)
[1125/190726.550:ERROR:process_memory_win.cc(73)] ReadMemory at 0x24b7a6f98d0 of 62 bytes failed: Only part of a ReadProcessMemory or WriteProcessMemory request was completed. (0x12B)
[1125/190726.550:ERROR:process_memory_win.cc(73)] ReadMemory at 0x24b7a6fcb30 of 132 bytes failed: Only part of a ReadProcessMemory or WriteProcessMemory request was completed. (0x12B)
[1125/190726.550:ERROR:process_memory_win.cc(73)] ReadMemory at 0x24b7a6fccc0 of 60 bytes failed: Only part of a ReadProcessMemory or WriteProcessMemory request was completed. (0x12B)
[1125/190726.551:ERROR:process_memory_win.cc(73)] ReadMemory at 0x24b7a702ff0 of 80 bytes failed: Only part of a ReadProcessMemory or WriteProcessMemory request was completed. (0x12B)
[1125/190726.551:ERROR:process_memory_win.cc(73)] ReadMemory at 0x24b7a703781 of 512 bytes failed: Only part of a ReadProcessMemory or WriteProcessMemory request was completed. (0x12B)
[1125/190726.551:ERROR:process_memory_win.cc(73)] ReadMemory at 0x24b7a7076c0 of 132 bytes failed: Only part of a ReadProcessMemory or WriteProcessMemory request was completed. (0x12B)
[1125/190726.551:ERROR:process_memory_win.cc(73)] ReadMemory at 0x24b7a707dc0 of 132 bytes failed: Only part of a ReadProcessMemory or WriteProcessMemory request was completed. (0x12B)
[1125/190726.551:ERROR:process_memory_win.cc(73)] ReadMemory at 0x24b7a708100 of 132 bytes failed: Only part of a ReadProcessMemory or WriteProcessMemory request was completed. (0x12B)
[1125/190726.551:ERROR:process_memory_win.cc(73)] ReadMemory at 0x24b7a708230 of 132 bytes failed: Only part of a ReadProcessMemory or WriteProcessMemory request was completed. (0x12B)
[1125/190726.551:ERROR:process_memory_win.cc(73)] ReadMemory at 0x24b7a708360 of 132 bytes failed: Only part of a ReadProcessMemory or WriteProcessMemory request was completed. (0x12B)
[1125/190726.551:ERROR:process_memory_win.cc(73)] ReadMemory at 0x24b7a7085c0 of 132 bytes failed: Only part of a ReadProcessMemory or WriteProcessMemory request was completed. (0x12B)
[1125/190726.551:ERROR:process_memory_win.cc(73)] ReadMemory at 0x24b7a7086f0 of 132 bytes failed: Only part of a ReadProcessMemory or WriteProcessMemory request was completed. (0x12B)
[1125/190726.552:ERROR:process_memory_win.cc(73)] ReadMemory at 0x24b7a708820 of 132 bytes failed: Only part of a ReadProcessMemory or WriteProcessMemory request was completed. (0x12B)
[1125/190726.552:ERROR:process_memory_win.cc(73)] ReadMemory at 0x24b7a708a80 of 132 bytes failed: Only part of a ReadProcessMemory or WriteProcessMemory request was completed. (0x12B)
[1125/190726.552:ERROR:process_memory_win.cc(73)] ReadMemory at 0x24b7a708bb0 of 132 bytes failed: Only part of a ReadProcessMemory or WriteProcessMemory request was completed. (0x12B)
[1125/190726.552:ERROR:process_memory_win.cc(73)] ReadMemory at 0x24b7a708ce0 of 132 bytes failed: Only part of a ReadProcessMemory or WriteProcessMemory request was completed. (0x12B)
[1125/190726.552:ERROR:process_memory_win.cc(73)] ReadMemory at 0x24b7a708e10 of 132 bytes failed: Only part of a ReadProcessMemory or WriteProcessMemory request was completed. (0x12B)
[1125/190726.552:ERROR:process_memory_win.cc(73)] ReadMemory at 0x24b7a708f40 of 132 bytes failed: Only part of a ReadProcessMemory or WriteProcessMemory request was completed. (0x12B)
[1125/190726.552:ERROR:process_memory_win.cc(73)] ReadMemory at 0x24b7a709070 of 132 bytes failed: Only part of a ReadProcessMemory or WriteProcessMemory request was completed. (0x12B)
[1125/190726.553:ERROR:process_memory_win.cc(73)] ReadMemory at 0x24b7a7091a0 of 132 bytes failed: Only part of a ReadProcessMemory or WriteProcessMemory request was completed. (0x12B)
[1125/190726.553:ERROR:process_memory_win.cc(73)] ReadMemory at 0x24b7a7092d0 of 132 bytes failed: Only part of a ReadProcessMemory or WriteProcessMemory request was completed. (0x12B)
[1125/190726.553:ERROR:process_memory_win.cc(73)] ReadMemory at 0x24b7a709400 of 132 bytes failed: Only part of a ReadProcessMemory or WriteProcessMemory request was completed. (0x12B)
[1125/190726.553:ERROR:process_memory_win.cc(73)] ReadMemory at 0x24b7a709530 of 132 bytes failed: Only part of a ReadProcessMemory or WriteProcessMemory request was completed. (0x12B)
[1125/190726.553:ERROR:process_memory_win.cc(73)] ReadMemory at 0x24b7a709660 of 132 bytes failed: Only part of a ReadProcessMemory or WriteProcessMemory request was completed. (0x12B)
[1125/190726.554:ERROR:process_memory_win.cc(73)] ReadMemory at 0x24b7a709790 of 132 bytes failed: Only part of a ReadProcessMemory or WriteProcessMemory request was completed. (0x12B)
[1125/190726.554:ERROR:process_memory_win.cc(73)] ReadMemory at 0x24b7a7098c0 of 132 bytes failed: Only part of a ReadProcessMemory or WriteProcessMemory request was completed. (0x12B)
[1125/190726.554:ERROR:process_memory_win.cc(73)] ReadMemory at 0x24b7a709b20 of 132 bytes failed: Only part of a ReadProcessMemory or WriteProcessMemory request was completed. (0x12B)
[1125/190726.554:ERROR:process_memory_win.cc(73)] ReadMemory at 0x24b7a709c50 of 132 bytes failed: Only part of a ReadProcessMemory or WriteProcessMemory request was completed. (0x12B)
[1125/190726.554:ERROR:process_memory_win.cc(73)] ReadMemory at 0x24b7a709d80 of 132 bytes failed: Only part of a ReadProcessMemory or WriteProcessMemory request was completed. (0x12B)
[1125/190726.554:ERROR:process_memory_win.cc(73)] ReadMemory at 0x24b7a709eb0 of 132 bytes failed: Only part of a ReadProcessMemory or WriteProcessMemory request was completed. (0x12B)
[1125/190726.555:ERROR:process_memory_win.cc(73)] ReadMemory at 0x24b7a70a450 of 62 bytes failed: Only part of a ReadProcessMemory or WriteProcessMemory request was completed. (0x12B)
[1125/190726.555:ERROR:process_memory_win.cc(73)] ReadMemory at 0x24b7a70a4a0 of 62 bytes failed: Only part of a ReadProcessMemory or WriteProcessMemory request was completed. (0x12B)
[1125/190726.555:ERROR:process_memory_win.cc(73)] ReadMemory at 0x24b7a70a540 of 60 bytes failed: Only part of a ReadProcessMemory or WriteProcessMemory request was completed. (0x12B)
[1125/190726.555:ERROR:process_memory_win.cc(73)] ReadMemory at 0x24b7a70a590 of 64 bytes failed: Only part of a ReadProcessMemory or WriteProcessMemory request was completed. (0x12B)
[1125/190726.555:ERROR:process_memory_win.cc(73)] ReadMemory at 0x24b7a70a5e0 of 64 bytes failed: Only part of a ReadProcessMemory or WriteProcessMemory request was completed. (0x12B)
[1125/190726.555:ERROR:process_memory_win.cc(73)] ReadMemory at 0x24b7a70a680 of 62 bytes failed: Only part of a ReadProcessMemory or WriteProcessMemory request was completed. (0x12B)
[1125/190726.556:ERROR:process_memory_win.cc(73)] ReadMemory at 0x24b7a70a720 of 62 bytes failed: Only part of a ReadProcessMemory or WriteProcessMemory request was completed. (0x12B)
[1125/190726.556:ERROR:process_memory_win.cc(73)] ReadMemory at 0x24b7a70a8b0 of 58 bytes failed: Only part of a ReadProcessMemory or WriteProcessMemory request was completed. (0x12B)
[1125/190726.556:ERROR:process_memory_win.cc(73)] ReadMemory at 0x24b7a70a900 of 60 bytes failed: Only part of a ReadProcessMemory or WriteProcessMemory request was completed. (0x12B)
[1125/190726.556:ERROR:process_memory_win.cc(73)] ReadMemory at 0x24b7a70aae0 of 60 bytes failed: Only part of a ReadProcessMemory or WriteProcessMemory request was completed. (0x12B)
[1125/190726.557:ERROR:process_memory_win.cc(73)] ReadMemory at 0x24b7a70ac20 of 62 bytes failed: Only part of a ReadProcessMemory or WriteProcessMemory request was completed. (0x12B)
[1125/190726.557:ERROR:process_memory_win.cc(73)] ReadMemory at 0x24b7a70ac70 of 64 bytes failed: Only part of a ReadProcessMemory or WriteProcessMemory request was completed. (0x12B)
[1125/190726.557:ERROR:process_memory_win.cc(73)] ReadMemory at 0x24b7a70acc0 of 62 bytes failed: Only part of a ReadProcessMemory or WriteProcessMemory request was completed. (0x12B)
[1125/190726.557:ERROR:process_memory_win.cc(73)] ReadMemory at 0x24b7a70ad10 of 64 bytes failed: Only part of a ReadProcessMemory or WriteProcessMemory request was completed. (0x12B)
[1125/190726.557:ERROR:process_memory_win.cc(73)] ReadMemory at 0x24b7a70ae50 of 64 bytes failed: Only part of a ReadProcessMemory or WriteProcessMemory request was completed. (0x12B)
[1125/190726.557:ERROR:process_memory_win.cc(73)] ReadMemory at 0x24b7a70af40 of 62 bytes failed: Only part of a ReadProcessMemory or WriteProcessMemory request was completed. (0x12B)
[1125/190726.558:ERROR:process_memory_win.cc(73)] ReadMemory at 0x24b7a70af90 of 66 bytes failed: Only part of a ReadProcessMemory or WriteProcessMemory request was completed. (0x12B)
[1125/190726.558:ERROR:process_memory_win.cc(73)] ReadMemory at 0x24b7a70b170 of 64 bytes failed: Only part of a ReadProcessMemory or WriteProcessMemory request was completed. (0x12B)
[1125/190726.558:ERROR:process_memory_win.cc(73)] ReadMemory at 0x24b7a70b1c0 of 62 bytes failed: Only part of a ReadProcessMemory or WriteProcessMemory request was completed. (0x12B)
[1125/190726.558:ERROR:process_memory_win.cc(73)] ReadMemory at 0x24b7a70b210 of 62 bytes failed: Only part of a ReadProcessMemory or WriteProcessMemory request was completed. (0x12B)
[1125/190726.558:ERROR:process_memory_win.cc(73)] ReadMemory at 0x24b7a70b300 of 64 bytes failed: Only part of a ReadProcessMemory or WriteProcessMemory request was completed. (0x12B)
[1125/190726.558:ERROR:process_memory_win.cc(73)] ReadMemory at 0x24b7a70b490 of 132 bytes failed: Only part of a ReadProcessMemory or WriteProcessMemory request was completed. (0x12B)
[1125/190726.559:ERROR:process_memory_win.cc(73)] ReadMemory at 0x24b7a70b5c0 of 144 bytes failed: Only part of a ReadProcessMemory or WriteProcessMemory request was completed. (0x12B)
[1125/190726.559:ERROR:process_memory_win.cc(73)] ReadMemory at 0x24b7a70bd10 of 132 bytes failed: Only part of a ReadProcessMemory or WriteProcessMemory request was completed. (0x12B)
[1125/190726.559:ERROR:process_memory_win.cc(73)] ReadMemory at 0x24b7a70be40 of 132 bytes failed: Only part of a ReadProcessMemory or WriteProcessMemory request was completed. (0x12B)
[1125/190726.559:ERROR:process_memory_win.cc(73)] ReadMemory at 0x24b7a70bf70 of 132 bytes failed: Only part of a ReadProcessMemory or WriteProcessMemory request was completed. (0x12B)
[1125/190726.559:ERROR:process_memory_win.cc(73)] ReadMemory at 0x24b7a70c0a0 of 132 bytes failed: Only part of a ReadProcessMemory or WriteProcessMemory request was completed. (0x12B)
[1125/190726.559:ERROR:process_memory_win.cc(73)] ReadMemory at 0x24b7a70c1d0 of 132 bytes failed: Only part of a ReadProcessMemory or WriteProcessMemory request was completed. (0x12B)
[1125/190726.560:ERROR:process_memory_win.cc(73)] ReadMemory at 0x24b7a70c300 of 132 bytes failed: Only part of a ReadProcessMemory or WriteProcessMemory request was completed. (0x12B)
[1125/190726.560:ERROR:process_memory_win.cc(73)] ReadMemory at 0x24b7a70d4e0 of 132 bytes failed: Only part of a ReadProcessMemory or WriteProcessMemory request was completed. (0x12B)
[1125/190726.560:ERROR:process_memory_win.cc(73)] ReadMemory at 0x24b7a70d610 of 132 bytes failed: Only part of a ReadProcessMemory or WriteProcessMemory request was completed. (0x12B)
[1125/190726.560:ERROR:process_memory_win.cc(73)] ReadMemory at 0x24b7a70d930 of 132 bytes failed: Only part of a ReadProcessMemory or WriteProcessMemory request was completed. (0x12B)
[1125/190726.561:ERROR:process_memory_win.cc(73)] ReadMemory at 0x24b7a70fb30 of 132 bytes failed: Only part of a ReadProcessMemory or WriteProcessMemory request was completed. (0x12B)
[1125/190726.561:ERROR:process_memory_win.cc(73)] ReadMemory at 0x24b7a714fb0 of 132 bytes failed: Only part of a ReadProcessMemory or WriteProcessMemory request was completed. (0x12B)
[1125/190726.561:ERROR:process_memory_win.cc(73)] ReadMemory at 0x24b7a724df0 of 66 bytes failed: Only part of a ReadProcessMemory or WriteProcessMemory request was completed. (0x12B)
[1125/190726.561:ERROR:process_memory_win.cc(73)] ReadMemory at 0x24b7a7253e0 of 58 bytes failed: Only part of a ReadProcessMemory or WriteProcessMemory request was completed. (0x12B)
[1125/190726.561:ERROR:process_memory_win.cc(73)] ReadMemory at 0x24b7a725480 of 60 bytes failed: Only part of a ReadProcessMemory or WriteProcessMemory request was completed. (0x12B)
[1125/190726.562:ERROR:process_memory_win.cc(73)] ReadMemory at 0x24b7a725520 of 58 bytes failed: Only part of a ReadProcessMemory or WriteProcessMemory request was completed. (0x12B)
[1125/190726.562:ERROR:process_memory_win.cc(73)] ReadMemory at 0x24b7a725570 of 60 bytes failed: Only part of a ReadProcessMemory or WriteProcessMemory request was completed. (0x12B)
[1125/190726.562:ERROR:process_memory_win.cc(73)] ReadMemory at 0x24b7a7256b0 of 58 bytes failed: Only part of a ReadProcessMemory or WriteProcessMemory request was completed. (0x12B)
[1125/190726.562:ERROR:process_memory_win.cc(73)] ReadMemory at 0x24b7a725750 of 60 bytes failed: Only part of a ReadProcessMemory or WriteProcessMemory request was completed. (0x12B)
[1125/190726.562:ERROR:process_memory_win.cc(73)] ReadMemory at 0x24b7a7269a0 of 80 bytes failed: Only part of a ReadProcessMemory or WriteProcessMemory request was completed. (0x12B)
[1125/190726.562:ERROR:process_memory_win.cc(73)] ReadMemory at 0x24b7a726e20 of 78 bytes failed: Only part of a ReadProcessMemory or WriteProcessMemory request was completed. (0x12B)
[1125/190726.562:ERROR:process_memory_win.cc(73)] ReadMemory at 0x24b7a73ba30 of 62 bytes failed: Only part of a ReadProcessMemory or WriteProcessMemory request was completed. (0x12B)
[1125/190726.563:ERROR:process_memory_win.cc(73)] ReadMemory at 0x24b7a73c2f0 of 56 bytes failed: Only part of a ReadProcessMemory or WriteProcessMemory request was completed. (0x12B)
[1125/190726.563:ERROR:process_memory_win.cc(73)] ReadMemory at 0x24b7a749e10 of 512 bytes failed: Only part of a ReadProcessMemory or WriteProcessMemory request was completed. (0x12B)
[1125/190726.563:ERROR:process_memory_win.cc(73)] ReadMemory at 0x24b7a75bf40 of 62 bytes failed: Only part of a ReadProcessMemory or WriteProcessMemory request was completed. (0x12B)
[1125/190726.563:ERROR:process_memory_win.cc(73)] ReadMemory at 0x24b7a75c1c0 of 62 bytes failed: Only part of a ReadProcessMemory or WriteProcessMemory request was completed. (0x12B)
[1125/190726.563:ERROR:process_memory_win.cc(73)] ReadMemory at 0x24b7a75c8a0 of 60 bytes failed: Only part of a ReadProcessMemory or WriteProcessMemory request was completed. (0x12B)
[1125/190726.563:ERROR:process_memory_win.cc(73)] ReadMemory at 0x24b7a770580 of 512 bytes failed: Only part of a ReadProcessMemory or WriteProcessMemory request was completed. (0x12B)
[1125/190726.563:ERROR:process_memory_win.cc(73)] ReadMemory at 0x24b7a770f00 of 512 bytes failed: Only part of a ReadProcessMemory or WriteProcessMemory request was completed. (0x12B)
[1125/190726.564:ERROR:process_memory_win.cc(73)] ReadMemory at 0x24b7a771180 of 512 bytes failed: Only part of a ReadProcessMemory or WriteProcessMemory request was completed. (0x12B)
[1125/190726.564:ERROR:process_memory_win.cc(73)] ReadMemory at 0x24b7a774840 of 512 bytes failed: Only part of a ReadProcessMemory or WriteProcessMemory request was completed. (0x12B)
[1125/190726.564:ERROR:process_memory_win.cc(73)] ReadMemory at 0x24b7a78b3c0 of 512 bytes failed: Only part of a ReadProcessMemory or WriteProcessMemory request was completed. (0x12B)
[1125/190726.564:ERROR:process_memory_win.cc(73)] ReadMemory at 0x24b7a78f080 of 512 bytes failed: Only part of a ReadProcessMemory or WriteProcessMemory request was completed. (0x12B)
[1125/190726.564:ERROR:process_memory_win.cc(73)] ReadMemory at 0x24b7a7971a0 of 712 bytes failed: Only part of a ReadProcessMemory or WriteProcessMemory request was completed. (0x12B)
[1125/190726.565:ERROR:process_memory_win.cc(73)] ReadMemory at 0x24b7a7a7c20 of 512 bytes failed: Only part of a ReadProcessMemory or WriteProcessMemory request was completed. (0x12B)
[1125/190726.565:ERROR:process_memory_win.cc(73)] ReadMemory at 0x24b7a7acac0 of 512 bytes failed: Only part of a ReadProcessMemory or WriteProcessMemory request was completed. (0x12B)
[1125/190726.565:ERROR:process_memory_win.cc(73)] ReadMemory at 0x24b7a7b3e80 of 512 bytes failed: Only part of a ReadProcessMemory or WriteProcessMemory request was completed. (0x12B)
[1125/190726.565:ERROR:process_memory_win.cc(73)] ReadMemory at 0x24b7a7cf610 of 1488 bytes failed: Only part of a ReadProcessMemory or WriteProcessMemory request was completed. (0x12B)
[1125/190726.565:ERROR:process_memory_win.cc(73)] ReadMemory at 0x24b7a7d8100 of 664 bytes failed: Only part of a ReadProcessMemory or WriteProcessMemory request was completed. (0x12B)
[1125/190726.565:ERROR:process_memory_win.cc(73)] ReadMemory at 0x2b7e08423630 of 512 bytes failed: Only part of a ReadProcessMemory or WriteProcessMemory request was completed. (0x12B)
[1125/190726.566:ERROR:process_memory_win.cc(73)] ReadMemory at 0x2b7e08b3f6f0 of 512 bytes failed: Only part of a ReadProcessMemory or WriteProcessMemory request was completed. (0x12B)
[1125/190726.566:ERROR:process_memory_win.cc(73)] ReadMemory at 0x4a57242cff80 of 128 bytes failed: Only part of a ReadProcessMemory or WriteProcessMemory request was completed. (0x12B)
[1125/190726.566:ERROR:process_memory_win.cc(73)] ReadMemory at 0x73a2c4cd2380 of 512 bytes failed: Only part of a ReadProcessMemory or WriteProcessMemory request was completed. (0x12B)
[1125/190726.566:ERROR:process_memory_win.cc(73)] ReadMemory at 0x73a2c4ecbf80 of 128 bytes failed: Only part of a ReadProcessMemory or WriteProcessMemory request was completed. (0x12B)
[1125/190726.566:ERROR:process_memory_win.cc(73)] ReadMemory at 0x7ffa10d33dc9 of 512 bytes failed: Only part of a ReadProcessMemory or WriteProcessMemory request was completed. (0x12B)
[1125/190726.566:ERROR:process_memory_win.cc(73)] ReadMemory at 0x7ffa10f9d738 of 512 bytes failed: Only part of a ReadProcessMemory or WriteProcessMemory request was completed. (0x12B)
[1125/190726.566:ERROR:process_memory_win.cc(73)] ReadMemory at 0x7ffa11f14a50 of 512 bytes failed: Only part of a ReadProcessMemory or WriteProcessMemory request was completed. (0x12B)
[1125/190726.566:ERROR:process_memory_win.cc(73)] ReadMemory at 0x7ffa134677eb of 512 bytes failed: Only part of a ReadProcessMemory or WriteProcessMemory request was completed. (0x12B)
[1125/190726.567:ERROR:process_memory_win.cc(73)] ReadMemory at 0x7ffa134ebda4 of 672 bytes failed: Only part of a ReadProcessMemory or WriteProcessMemory request was completed. (0x12B)
[1125/190726.567:ERROR:process_memory_win.cc(73)] ReadMemory at 0x7ffa134ec3a4 of 512 bytes failed: Only part of a ReadProcessMemory or WriteProcessMemory request was completed. (0x12B)
[1125/190726.567:ERROR:process_memory_win.cc(73)] ReadMemory at 0x7ffa134ef714 of 608 bytes failed: Only part of a ReadProcessMemory or WriteProcessMemory request was completed. (0x12B)
[1125/190726.567:ERROR:process_memory_win.cc(73)] ReadMemory at 0x7ffa135809e0 of 18 bytes failed: Only part of a ReadProcessMemory or WriteProcessMemory request was completed. (0x12B)
[1125/190726.567:ERROR:process_memory_win.cc(73)] ReadMemory at 0x7ffa135b54f8 of 40 bytes failed: Only part of a ReadProcessMemory or WriteProcessMemory request was completed. (0x12B)
[1125/190726.567:ERROR:process_memory_win.cc(73)] ReadMemory at 0x7ffa135b5978 of 48 bytes failed: Only part of a ReadProcessMemory or WriteProcessMemory request was completed. (0x12B)
[1125/190726.568:ERROR:process_memory_win.cc(73)] ReadMemory at 0x7ffa135bb4c0 of 64 bytes failed: Only part of a ReadProcessMemory or WriteProcessMemory request was completed. (0x12B)
[1125/190726.573:ERROR:scoped_process_suspend.cc(40)] NtResumeProcess: An attempt was made to access an exiting process. (0xc000010a)
